[0m21:07:39.489787 [debug] [MainThread]: Sending event: {'category': 'dbt', 'action': 'invocation', 'label': 'start', 'context': [<snowplow_tracker.self_describing_json.SelfDescribingJson object at 0x000002693DA91160>, <snowplow_tracker.self_describing_json.SelfDescribingJson object at 0x000002693B37C410>, <snowplow_tracker.self_describing_json.SelfDescribingJson object at 0x00000269402EF9D0>]}


============================== 21:07:39.498751 | 745c66e1-2b1f-4c9b-92f6-7bc23513c09c ==============================
[0m21:07:39.498751 [info ] [MainThread]: Running with dbt=1.12.0
[0m21:07:39.500023 [debug] [MainThread]: running dbt with arguments {'static_parser': 'True', 'no_print': 'None', 'maximum_seed_size_mib': '1', 'target_path': 'None', 'version_check': 'True', 'warn_error_options': 'WarnErrorOptionsV2(error=[], warn=[], silence=[])', 'printer_width': '80', 'write_json': 'True', 'empty': 'None', 'log_cache_events': 'False', 'introspect': 'True', 'cache_selected_only': 'False', 'fail_fast': 'False', 'debug': 'False', 'log_format': 'default', 'profiles_dir': 'C:\\Users\\alexf\\.dbt', 'send_anonymous_usage_stats': 'True', 'quiet': 'False', 'warn_error': 'None', 'partial_parse': 'True', 'indirect_selection': 'eager', 'hints_enabled': 'True', 'invocation_command': 'dbt init dbt', 'use_experimental_parser': 'False', 'use_colors': 'True', 'log_path': 'logs'}
[0m21:07:39.539809 [info ] [MainThread]: Creating dbt configuration folder at C:\Users\alexf\.dbt
[0m21:09:32.267659 [debug] [MainThread]: Starter project path: C:\Users\alexf\Documents\CSC\investment_intelligence_pipeline\.venv\Lib\site-packages\dbt\include\starter_project
[0m21:09:32.314390 [info ] [MainThread]: Setting up your profile.
[0m21:09:39.443861 [info ] [MainThread]: Profile dbt_stuff written to C:\Users\alexf\.dbt\profiles.yml using target's sample configuration. Once updated, you'll be able to start developing with dbt.
[0m21:09:39.446449 [info ] [MainThread]: Running dbt debug to validate the project...
[0m21:09:39.447109 [info ] [MainThread]: dbt version: 1.12.0
[0m21:09:39.447451 [info ] [MainThread]: python version: 3.14.0
[0m21:09:39.447743 [info ] [MainThread]: python path: C:\Users\alexf\Documents\CSC\investment_intelligence_pipeline\.venv\scripts\python.exe
[0m21:09:39.448012 [info ] [MainThread]: os info: Windows-11-10.0.26200-SP0
[0m21:09:39.527253 [info ] [MainThread]: Using profiles dir at C:\Users\alexf\.dbt
[0m21:09:39.527955 [info ] [MainThread]: Using profiles.yml file at C:\Users\alexf\.dbt\profiles.yml
[0m21:09:39.528321 [info ] [MainThread]: Using dbt_project.yml file at C:\Users\alexf\Documents\CSC\investment_intelligence_pipeline\dbt_stuff\dbt_project.yml
[0m21:09:39.531391 [info ] [MainThread]: adapter type: duckdb
[0m21:09:39.531727 [info ] [MainThread]: adapter version: 1.10.1
[0m21:09:39.610233 [info ] [MainThread]: Configuration:
[0m21:09:39.611123 [info ] [MainThread]:   profiles.yml file [[32mOK found and valid[0m]
[0m21:09:39.611733 [info ] [MainThread]:   dbt_project.yml file [[32mOK found and valid[0m]
[0m21:09:39.612127 [info ] [MainThread]: Required dependencies:
[0m21:09:39.612589 [debug] [MainThread]: Executing "git --help"
[0m21:09:39.657795 [debug] [MainThread]: STDOUT: "b"usage: git [-v | --version] [-h | --help] [-C <path>] [-c <name>=<value>]\n           [--exec-path[=<path>]] [--html-path] [--man-path] [--info-path]\n           [-p | --paginate | -P | --no-pager] [--no-replace-objects] [--no-lazy-fetch]\n           [--no-optional-locks] [--no-advice] [--bare] [--git-dir=<path>]\n           [--work-tree=<path>] [--namespace=<name>] [--config-env=<name>=<envvar>]\n           <command> [<args>]\n\nThese are common Git commands used in various situations:\n\nstart a working area (see also: git help tutorial)\n   clone      Clone a repository into a new directory\n   init       Create an empty Git repository or reinitialize an existing one\n\nwork on the current change (see also: git help everyday)\n   add        Add file contents to the index\n   mv         Move or rename a file, a directory, or a symlink\n   restore    Restore working tree files\n   rm         Remove files from the working tree and from the index\n\nexamine the history and state (see also: git help revisions)\n   bisect     Use binary search to find the commit that introduced a bug\n   diff       Show changes between commits, commit and working tree, etc\n   grep       Print lines matching a pattern\n   log        Show commit logs\n   show       Show various types of objects\n   status     Show the working tree status\n\ngrow, mark and tweak your common history\n   backfill   Download missing objects in a partial clone\n   branch     List, create, or delete branches\n   commit     Record changes to the repository\n   merge      Join two or more development histories together\n   rebase     Reapply commits on top of another base tip\n   reset      Reset current HEAD to the specified state\n   switch     Switch branches\n   tag        Create, list, delete or verify a tag object signed with GPG\n\ncollaborate (see also: git help workflows)\n   fetch      Download objects and refs from another repository\n   pull       Fetch from and integrate with another repository or a local branch\n   push       Update remote refs along with associated objects\n\n'git help -a' and 'git help -g' list available subcommands and some\nconcept guides. See 'git help <command>' or 'git help <concept>'\nto read about a specific subcommand or concept.\nSee 'git help git' for an overview of the system.\n""
[0m21:09:39.658262 [debug] [MainThread]: STDERR: "b''"
[0m21:09:39.658574 [info ] [MainThread]:  - git [[32mOK found[0m]

[0m21:09:39.658881 [info ] [MainThread]: Connection:
[0m21:09:39.659246 [info ] [MainThread]:   database: dev
[0m21:09:39.659532 [info ] [MainThread]:   schema: main
[0m21:09:39.659781 [info ] [MainThread]:   path: dev.duckdb
[0m21:09:39.660004 [info ] [MainThread]:   config_options: None
[0m21:09:39.660201 [info ] [MainThread]:   extensions: None
[0m21:09:39.660388 [info ] [MainThread]:   settings: {}
[0m21:09:39.660571 [info ] [MainThread]:   external_root: .
[0m21:09:39.660756 [info ] [MainThread]:   use_credential_provider: None
[0m21:09:39.661034 [info ] [MainThread]:   attach: None
[0m21:09:39.661410 [info ] [MainThread]:   filesystems: None
[0m21:09:39.661619 [info ] [MainThread]:   remote: None
[0m21:09:39.661798 [info ] [MainThread]:   plugins: None
[0m21:09:39.661974 [info ] [MainThread]:   disable_transactions: False
[0m21:09:39.662404 [info ] [MainThread]: Registered adapter: duckdb=1.10.1
[0m21:09:39.828096 [debug] [MainThread]: Acquiring new duckdb connection 'debug'
[0m21:09:43.857104 [debug] [MainThread]: Using duckdb connection "debug"
[0m21:09:43.857973 [debug] [MainThread]: On debug: select 1 as id
[0m21:09:43.858558 [debug] [MainThread]: Opening a new connection, currently in state init
[0m21:09:43.884764 [debug] [MainThread]: SQL status: OK in 0.026 seconds
[0m21:09:43.885556 [debug] [MainThread]: On debug: Close
[0m21:09:43.886126 [info ] [MainThread]:   Connection test: [[32mOK connection ok[0m]

[0m21:09:43.886476 [info ] [MainThread]: [32mAll checks passed![0m
[0m21:09:43.886859 [info ] [MainThread]: Your new dbt project "dbt_stuff" was created!
Initialized new project in C:\Users\alexf\Documents\CSC\investment_intelligence_pipeline\dbt_stuff\dbt_stuff

For more information on how to configure the profiles.yml file,
please consult the dbt documentation here:

  https://docs.getdbt.com/docs/configure-your-profile

One more thing:

Need help? Don't hesitate to reach out to us via GitHub issues or on Slack:

  https://community.getdbt.com/

Happy modeling!

[0m21:09:43.887797 [debug] [MainThread]: Command `dbt init` succeeded at 21:09:43.887646 after 124.59 seconds
[0m21:09:43.888070 [debug] [MainThread]: Connection 'debug' was properly closed.
[0m21:09:43.888297 [debug] [MainThread]: Sending event: {'category': 'dbt', 'action': 'invocation', 'label': 'end', 'context': [<snowplow_tracker.self_describing_json.SelfDescribingJson object at 0x0000026940139E00>, <snowplow_tracker.self_describing_json.SelfDescribingJson object at 0x00000269409F1910>, <snowplow_tracker.self_describing_json.SelfDescribingJson object at 0x000002694089A250>]}
[0m21:09:43.888626 [debug] [MainThread]: Flushing usage events
[0m21:09:44.348135 [debug] [MainThread]: An error was encountered while trying to flush usage events
[0m21:42:33.735840 [debug] [MainThread]: Sending event: {'category': 'dbt', 'action': 'invocation', 'label': 'start', 'context': [<snowplow_tracker.self_describing_json.SelfDescribingJson object at 0x000001CEAFB81160>, <snowplow_tracker.self_describing_json.SelfDescribingJson object at 0x000001CEAD46C410>, <snowplow_tracker.self_describing_json.SelfDescribingJson object at 0x000001CEB2443890>]}


============================== 21:42:33.742333 | 387f9224-68b9-451a-86f9-a9d51cfd9969 ==============================
[0m21:42:33.742333 [info ] [MainThread]: Running with dbt=1.12.0
[0m21:42:33.743028 [debug] [MainThread]: running dbt with arguments {'static_parser': 'True', 'no_print': 'None', 'version_check': 'True', 'target_path': 'None', 'warn_error_options': 'WarnErrorOptionsV2(error=[], warn=[], silence=[])', 'maximum_seed_size_mib': '1', 'printer_width': '80', 'write_json': 'True', 'introspect': 'True', 'log_cache_events': 'False', 'empty': 'False', 'cache_selected_only': 'False', 'fail_fast': 'False', 'debug': 'False', 'log_format': 'default', 'profiles_dir': 'C:\\Users\\alexf\\.dbt', 'send_anonymous_usage_stats': 'True', 'quiet': 'False', 'warn_error': 'None', 'partial_parse': 'True', 'use_colors': 'True', 'hints_enabled': 'True', 'indirect_selection': 'eager', 'use_experimental_parser': 'False', 'invocation_command': 'dbt run', 'log_path': 'logs'}
[0m21:42:33.743490 [error] [MainThread]: [[31mERROR[0m]: Encountered an error:
Runtime Error
  No dbt_project.yml found at expected path C:\Users\alexf\Documents\CSC\investment_intelligence_pipeline\dbt_project.yml
  Verify that each entry within packages.yml (and their transitive dependencies) contains a file named dbt_project.yml
  
[0m21:42:33.744388 [debug] [MainThread]: Command `dbt run` failed at 21:42:33.744286 after 0.20 seconds
[0m21:42:33.744692 [debug] [MainThread]: Sending event: {'category': 'dbt', 'action': 'invocation', 'label': 'end', 'context': [<snowplow_tracker.self_describing_json.SelfDescribingJson object at 0x000001CEB222B950>, <snowplow_tracker.self_describing_json.SelfDescribingJson object at 0x000001CEB23DAF90>, <snowplow_tracker.self_describing_json.SelfDescribingJson object at 0x000001CEB2475BF0>]}
[0m21:42:33.744988 [debug] [MainThread]: Flushing usage events
[0m21:42:34.188245 [debug] [MainThread]: An error was encountered while trying to flush usage events
